#
# A fatal error has been detected by the Java Runtime Environment:
#
#  SIGSEGV (0xb) at pc=0x00000001022ef594, pid=12707, tid=0x0000000000004a03
#
# JRE version: Java(TM) SE Runtime Environment (8.0_101-b13) (build 1.8.0_101-b13)
# Java VM: Java HotSpot(TM) 64-Bit Server VM (25.101-b13 mixed mode bsd-amd64 compressed oops)
# Problematic frame:
# V  [libjvm.dylib+0x44c594]
#
# Failed to write core dump. Core dumps have been disabled. To enable core dumping, try "ulimit -c unlimited" before starting Java again
#
# If you would like to submit a bug report, please visit:
#   http://bugreport.java.com/bugreport/crash.jsp
#

---------------  T H R E A D  ---------------

Current thread (0x00007fa4dd80f800):  JavaThread "JDWP Transport Listener: dt_socket" daemon [_thread_in_vm, id=18947, stack(0x0000700000ec4000,0x0000700000fc4000)]

siginfo: si_signo: 11 (SIGSEGV), si_code: 1 (SEGV_MAPERR), si_addr: 0x00007fa400000002

Registers:
RAX=0x0000000000000001, RBX=0x0000700000fc3a8b, RCX=0x00000001026c2360, RDX=0x0000700000fc3a8b
RSP=0x0000700000fc39d0, RBP=0x0000700000fc39e0, RSI=0x00007fa4dd80f800, RDI=0x00007fa400000002
R8 =0x0000000000000002, R9 =0x00007fa4d9d128e0, R10=0x000000000c420408, R11=0x00007fa4d9d00000
R12=0x00007fa4dd80f800, R13=0x00007fa400000002, R14=0x00007fa400000002, R15=0x00007fa4dc200fe0
RIP=0x00000001022ef594, EFLAGS=0x0000000000010202, ERR=0x0000000000000004
  TRAPNO=0x000000000000000e

Top of Stack: (sp=0x0000700000fc39d0)
0x0000700000fc39d0:   0000700000fc3a8b 0000700000fc3a8b
0x0000700000fc39e0:   0000700000fc3a40 00000001021fb0d2
0x0000700000fc39f0:   00007fa4dd80f800 0000000000000000
0x0000700000fc3a00:   0000000000000000 0000000000000000
0x0000700000fc3a10:   00007fa4dd80f800 00007fa4dd80f800
0x0000700000fc3a20:   0000700000fc3a8b 0000700000fc3a90
0x0000700000fc3a30:   00007fa400000002 0000000000000002
0x0000700000fc3a40:   0000700000fc3a60 0000000102ea8780
0x0000700000fc3a50:   0000000000000001 0000700000fc3b08
0x0000700000fc3a60:   0000700000fc3ad0 0000000102e8d1f3
0x0000700000fc3a70:   0000700000fc3aa0 00007fa4d9d15710
0x0000700000fc3a80:   0000000300000032 0000000a00fc3b08
0x0000700000fc3a90:   0000000000000000 0000000000000000
0x0000700000fc3aa0:   0000000000000000 0000700000fc3c90
0x0000700000fc3ab0:   0000000102eafe7a 00007fa4d9d182c0
0x0000700000fc3ac0:   0000700000fc3b08 0000000102ebb598
0x0000700000fc3ad0:   0000700000fc3ae0 0000000102e8d2ec
0x0000700000fc3ae0:   0000700000fc3d00 0000000102e96898
0x0000700000fc3af0:   00002bbd00000013 00000000000f0200
0x0000700000fc3b00:   00007fa4d9d06980 0000700000fc3c11
0x0000700000fc3b10:   00007fa400000073 0000700000fc3b20
0x0000700000fc3b20:   00000000000000b9 0000700000fc3b58
0x0000700000fc3b30:   0000000000000000 0000000000000000
0x0000700000fc3b40:   00002bbd0000000f 00007fff0000cc80
0x0000700000fc3b50:   0000700000fc3b58 a47f000003000000
0x0000700000fc3b60:   06000000c076d1d9 00003e74696e693c
0x0000700000fc3b70:   0000005629280300 7f00000100000000
0x0000700000fc3b80:   000000d076d1d9a4 6c616d6974706f0d
0x0000700000fc3b90:   000073746e696f50 766f434c5b282d00
0x0000700000fc3ba0:   676553676e697265 65532473746e656d
0x0000700000fc3bb0:   4c293b746e656d67 6974752f6176616a
0x0000700000fc3bc0:   003b7473694c2f6c 6f434c5b28420000 

Instructions: (pc=0x00000001022ef594)
0x00000001022ef574:   40 48 48 85 c0 75 e0 30 c0 0f b6 c0 5d c3 31 c0
0x00000001022ef584:   5d c3 55 48 89 e5 53 48 83 ec 08 48 85 ff 74 24
0x00000001022ef594:   48 8b 1f 48 85 db 74 1c 48 83 fb 37 74 16 48 8b
0x00000001022ef5a4:   03 48 89 df ff 50 10 84 c0 b8 00 00 00 00 48 0f 

Register to memory mapping:

RAX=0x0000000000000001 is an unknown value
RBX=0x0000700000fc3a8b is pointing into the stack for thread: 0x00007fa4dd80f800
RCX=0x00000001026c2360: UseMembar+0 in /Library/Java/JavaVirtualMachines/jdk1.8.0_101.jdk/Contents/Home/jre/lib/server/libjvm.dylib at 0x0000000101ea3000
RDX=0x0000700000fc3a8b is pointing into the stack for thread: 0x00007fa4dd80f800
RSP=0x0000700000fc39d0 is pointing into the stack for thread: 0x00007fa4dd80f800
RBP=0x0000700000fc39e0 is pointing into the stack for thread: 0x00007fa4dd80f800
RSI=0x00007fa4dd80f800 is a thread
RDI=0x00007fa400000002 is an unknown value
R8 =0x0000000000000002 is an unknown value
R9 =0x00007fa4d9d128e0 is an unknown value
R10=0x000000000c420408 is an unknown value
R11=0x00007fa4d9d00000 is an unknown value
R12=0x00007fa4dd80f800 is a thread
R13=0x00007fa400000002 is an unknown value
R14=0x00007fa400000002 is an unknown value
R15=0x00007fa4dc200fe0 is an unknown value


Stack: [0x0000700000ec4000,0x0000700000fc4000],  sp=0x0000700000fc39d0,  free space=1022k
Native frames: (J=compiled Java code, j=interpreted, Vv=VM code, C=native code)
V  [libjvm.dylib+0x44c594]
V  [libjvm.dylib+0x3580d2]
C  [libjdwp.dylib+0x20780]  isMethodSynthetic+0x63
C  [libjdwp.dylib+0x51f3]  methods1+0x10b
C  [libjdwp.dylib+0x52ec]  methodsWithGeneric+0xe
C  [libjdwp.dylib+0xe898]  debugLoop_run+0x1ce
C  [libjdwp.dylib+0x1f6ba]  attachThread+0x4d
V  [libjvm.dylib+0x399438]
V  [libjvm.dylib+0x5695ab]
V  [libjvm.dylib+0x56ac98]
V  [libjvm.dylib+0x48933a]
C  [libsystem_pthread.dylib+0x399d]  _pthread_body+0x83
C  [libsystem_pthread.dylib+0x391a]  _pthread_body+0x0
C  [libsystem_pthread.dylib+0x1351]  thread_start+0xd
C  0x0000000000000000


---------------  P R O C E S S  ---------------

Java Threads: ( => current thread )
  0x00007fa4dd038800 JavaThread "Service Thread" daemon [_thread_blocked, id=22531, stack(0x00007000015d9000,0x00007000016d9000)]
  0x00007fa4da816000 JavaThread "C1 CompilerThread3" daemon [_thread_blocked, id=22019, stack(0x00007000014d6000,0x00007000015d6000)]
  0x00007fa4db80d000 JavaThread "C2 CompilerThread2" daemon [_thread_blocked, id=21507, stack(0x00007000013d3000,0x00007000014d3000)]
  0x00007fa4db80c800 JavaThread "C2 CompilerThread1" daemon [_thread_blocked, id=20995, stack(0x00007000012d0000,0x00007000013d0000)]
  0x00007fa4db808800 JavaThread "C2 CompilerThread0" daemon [_thread_blocked, id=20483, stack(0x00007000011cd000,0x00007000012cd000)]
  0x00007fa4da80a800 JavaThread "JDWP Command Reader" daemon [_thread_in_native, id=19971, stack(0x00007000010ca000,0x00007000011ca000)]
  0x00007fa4dd811800 JavaThread "JDWP Event Helper Thread" daemon [_thread_blocked, id=19459, stack(0x0000700000fc7000,0x00007000010c7000)]
=>0x00007fa4dd80f800 JavaThread "JDWP Transport Listener: dt_socket" daemon [_thread_in_vm, id=18947, stack(0x0000700000ec4000,0x0000700000fc4000)]
  0x00007fa4dd027000 JavaThread "Signal Dispatcher" daemon [_thread_blocked, id=15887, stack(0x0000700000dc1000,0x0000700000ec1000)]
  0x00007fa4dd809800 JavaThread "Finalizer" daemon [_thread_blocked, id=14339, stack(0x0000700000c3b000,0x0000700000d3b000)]
  0x00007fa4db039800 JavaThread "Reference Handler" daemon [_thread_blocked, id=13827, stack(0x0000700000b38000,0x0000700000c38000)]
  0x00007fa4dd01e800 JavaThread "main" [_thread_in_native, id=5891, stack(0x000070000011a000,0x000070000021a000)]

Other Threads:
  0x00007fa4dc80c000 VMThread [stack: 0x0000700000a35000,0x0000700000b35000] [id=13315]
  0x00007fa4dd811000 WatcherThread [stack: 0x00007000016dc000,0x00007000017dc000] [id=23043]

VM state:not at safepoint (normal execution)

VM Mutex/Monitor currently owned by a thread: None

Heap:
 PSYoungGen      total 76288K, used 3932K [0x000000076ab00000, 0x0000000770000000, 0x00000007c0000000)
  eden space 65536K, 6% used [0x000000076ab00000,0x000000076aed70e0,0x000000076eb00000)
  from space 10752K, 0% used [0x000000076f580000,0x000000076f580000,0x0000000770000000)
  to   space 10752K, 0% used [0x000000076eb00000,0x000000076eb00000,0x000000076f580000)
 ParOldGen       total 175104K, used 0K [0x00000006c0000000, 0x00000006cab00000, 0x000000076ab00000)
  object space 175104K, 0% used [0x00000006c0000000,0x00000006c0000000,0x00000006cab00000)
 Metaspace       used 3377K, capacity 4564K, committed 4864K, reserved 1056768K
  class space    used 380K, capacity 388K, committed 512K, reserved 1048576K

Card table byte_map: [0x00000001133c0000,0x0000000113bc1000] byte_map_base: 0x000000010fdc0000

Marking Bits: (ParMarkBitMap*) 0x0000000102790d20
 Begin Bits: [0x0000000114117000, 0x0000000118117000)
 End Bits:   [0x0000000118117000, 0x000000011c117000)

Polling page: 0x0000000102e87000

CodeCache: size=245760Kb used=1179Kb max_used=1190Kb free=244580Kb
 bounds [0x0000000104000000, 0x0000000104270000, 0x0000000113000000]
 total_blobs=305 nmethods=73 adapters=154
 compilation: enabled

Compilation events (10 events):
Event: 0.217 Thread 0x00007fa4da816000   69       3       java.util.regex.Pattern::peek (26 bytes)
Event: 0.217 Thread 0x00007fa4da816000 nmethod 69 0x0000000104125850 code [0x00000001041259e0, 0x0000000104125ca8]
Event: 0.217 Thread 0x00007fa4da816000   70       3       java.lang.Character::isBmpCodePoint (13 bytes)
Event: 0.218 Thread 0x00007fa4da816000 nmethod 70 0x0000000104125dd0 code [0x0000000104125f40, 0x00000001041260d0]
Event: 0.218 Thread 0x00007fa4da816000   71       3       java.util.regex.Pattern::next (33 bytes)
Event: 0.218 Thread 0x00007fa4db808800   73       4       java.lang.String::hashCode (55 bytes)
Event: 0.218 Thread 0x00007fa4da816000 nmethod 71 0x0000000104126150 code [0x00000001041262e0, 0x00000001041265a8]
Event: 0.218 Thread 0x00007fa4da816000   72       1       java.util.regex.Pattern::flags (5 bytes)
Event: 0.218 Thread 0x00007fa4da816000 nmethod 72 0x00000001041266d0 code [0x0000000104126820, 0x0000000104126930]
Event: 0.221 Thread 0x00007fa4db808800 nmethod 73 0x0000000104129710 code [0x0000000104129860, 0x00000001041299f8]

GC Heap History (0 events):
No events

Deoptimization events (0 events):
No events

Internal exceptions (6 events):
Event: 0.040 Thread 0x00007fa4dd01e800 Exception <a 'java/lang/NoSuchMethodError': Method sun.misc.Unsafe.defineClass(Ljava/lang/String;[BII)Ljava/lang/Class; name or signature does not match> (0x000000076ab07cc0) thrown at [/HUDSON3/workspace/8-2-build-macosx-x86_64/jdk8u101/7261/hotspot/src/
Event: 0.040 Thread 0x00007fa4dd01e800 Exception <a 'java/lang/NoSuchMethodError': Method sun.misc.Unsafe.prefetchRead(Ljava/lang/Object;J)V name or signature does not match> (0x000000076ab07fa8) thrown at [/HUDSON3/workspace/8-2-build-macosx-x86_64/jdk8u101/7261/hotspot/src/share/vm/prims/jni
Event: 0.203 Thread 0x00007fa4dd01e800 Exception <a 'java/security/PrivilegedActionException'> (0x000000076abd1f58) thrown at [/HUDSON3/workspace/8-2-build-macosx-x86_64/jdk8u101/7261/hotspot/src/share/vm/prims/jvm.cpp, line 1386]
Event: 0.203 Thread 0x00007fa4dd01e800 Exception <a 'java/security/PrivilegedActionException'> (0x000000076abd2350) thrown at [/HUDSON3/workspace/8-2-build-macosx-x86_64/jdk8u101/7261/hotspot/src/share/vm/prims/jvm.cpp, line 1386]
Event: 0.203 Thread 0x00007fa4dd01e800 Exception <a 'java/security/PrivilegedActionException'> (0x000000076abd5840) thrown at [/HUDSON3/workspace/8-2-build-macosx-x86_64/jdk8u101/7261/hotspot/src/share/vm/prims/jvm.cpp, line 1386]
Event: 0.203 Thread 0x00007fa4dd01e800 Exception <a 'java/security/PrivilegedActionException'> (0x000000076abd5c38) thrown at [/HUDSON3/workspace/8-2-build-macosx-x86_64/jdk8u101/7261/hotspot/src/share/vm/prims/jvm.cpp, line 1386]

Events (10 events):
Event: 68.719 Executing VM operation: ChangeBreakpoints
Event: 68.719 Executing VM operation: ChangeBreakpoints done
Event: 68.719 Executing VM operation: ChangeBreakpoints
Event: 68.720 Executing VM operation: ChangeBreakpoints done
Event: 1216.675 Executing VM operation: ChangeBreakpoints
Event: 1216.675 Executing VM operation: ChangeBreakpoints done
Event: 1216.675 Executing VM operation: ChangeBreakpoints
Event: 1216.675 Executing VM operation: ChangeBreakpoints done
Event: 1216.677 Executing VM operation: RedefineClasses
Event: 1216.677 Executing VM operation: RedefineClasses done


Dynamic libraries:
0x00000000043ec000 	/System/Library/Frameworks/Cocoa.framework/Versions/A/Cocoa
0x00000000043ec000 	/System/Library/Frameworks/Security.framework/Versions/A/Security
0x00000000043ec000 	/System/Library/Frameworks/ApplicationServices.framework/Versions/A/ApplicationServices
0x00000000043ec000 	/usr/lib/libz.1.dylib
0x00000000043ec000 	/usr/lib/libSystem.B.dylib
0x00000000043ec000 	/usr/lib/libobjc.A.dylib
0x00000000043ec000 	/System/Library/Frameworks/CoreFoundation.framework/Versions/A/CoreFoundation
0x00000000043ec000 	/System/Library/Frameworks/Foundation.framework/Versions/C/Foundation
0x00000000043ec000 	/System/Library/Frameworks/AppKit.framework/Versions/C/AppKit
0x00000000043ec000 	/System/Library/Frameworks/CoreData.framework/Versions/A/CoreData
0x00000000043ec000 	/System/Library/PrivateFrameworks/RemoteViewServices.framework/Versions/A/RemoteViewServices
0x00000000043ec000 	/System/Library/PrivateFrameworks/UIFoundation.framework/Versions/A/UIFoundation
0x00000000043ec000 	/usr/lib/libScreenReader.dylib
0x00000000043ec000 	/System/Library/Frameworks/Accelerate.framework/Versions/A/Accelerate
0x00000000043ec000 	/System/Library/Frameworks/IOSurface.framework/Versions/A/IOSurface
0x00000000043ec000 	/System/Library/Frameworks/AudioToolbox.framework/Versions/A/AudioToolbox
0x00000000043ec000 	/System/Library/Frameworks/AudioUnit.framework/Versions/A/AudioUnit
0x00000000043ec000 	/System/Library/PrivateFrameworks/DataDetectorsCore.framework/Versions/A/DataDetectorsCore
0x00000000043ec000 	/System/Library/PrivateFrameworks/DesktopServicesPriv.framework/Versions/A/DesktopServicesPriv
0x00000000043ec000 	/System/Library/Frameworks/Carbon.framework/Versions/A/Frameworks/HIToolbox.framework/Versions/A/HIToolbox
0x00000000043ec000 	/System/Library/Frameworks/QuartzCore.framework/Versions/A/QuartzCore
0x00000000043ec000 	/System/Library/Frameworks/Carbon.framework/Versions/A/Frameworks/SpeechRecognition.framework/Versions/A/SpeechRecognition
0x00000000043ec000 	/usr/lib/libauto.dylib
0x00000000043ec000 	/usr/lib/libicucore.A.dylib
0x00000000043ec000 	/usr/lib/libxml2.2.dylib
0x00000000043ec000 	/System/Library/PrivateFrameworks/CoreUI.framework/Versions/A/CoreUI
0x00000000043ec000 	/System/Library/Frameworks/CoreAudio.framework/Versions/A/CoreAudio
0x00000000043ec000 	/System/Library/Frameworks/DiskArbitration.framework/Versions/A/DiskArbitration
0x00000000043ec000 	/usr/lib/liblangid.dylib
0x00000000043ec000 	/System/Library/PrivateFrameworks/MultitouchSupport.framework/Versions/A/MultitouchSupport
0x00000000043ec000 	/System/Library/Frameworks/IOKit.framework/Versions/A/IOKit
0x00000000043ec000 	/usr/lib/libDiagnosticMessagesClient.dylib
0x00000000043ec000 	/System/Library/Frameworks/CoreServices.framework/Versions/A/CoreServices
0x00000000043ec000 	/System/Library/PrivateFrameworks/PerformanceAnalysis.framework/Versions/A/PerformanceAnalysis
0x00000000043ec000 	/System/Library/PrivateFrameworks/GenerationalStorage.framework/Versions/A/GenerationalStorage
0x00000000043ec000 	/System/Library/Frameworks/OpenGL.framework/Versions/A/OpenGL
0x00000000043ec000 	/System/Library/PrivateFrameworks/Sharing.framework/Versions/A/Sharing
0x00000000043ec000 	/System/Library/Frameworks/CoreGraphics.framework/Versions/A/CoreGraphics
0x00000000043ec000 	/System/Library/Frameworks/CoreImage.framework/Versions/A/CoreImage
0x00000000043ec000 	/System/Library/Frameworks/CoreText.framework/Versions/A/CoreText
0x00000000043ec000 	/System/Library/Frameworks/ImageIO.framework/Versions/A/ImageIO
0x00000000043ec000 	/System/Library/PrivateFrameworks/Backup.framework/Versions/A/Backup
0x00000000043ec000 	/usr/lib/libextension.dylib
0x00000000043ec000 	/usr/lib/libarchive.2.dylib
0x00000000043ec000 	/System/Library/Frameworks/CFNetwork.framework/Versions/A/CFNetwork
0x00000000043ec000 	/System/Library/Frameworks/SystemConfiguration.framework/Versions/A/SystemConfiguration
0x00000000043ec000 	/usr/lib/libCRFSuite.dylib
0x00000000043ec000 	/usr/lib/libc++.1.dylib
0x00000000043ec000 	/usr/lib/libc++abi.dylib
0x00000000043ec000 	/usr/lib/system/libcache.dylib
0x00000000043ec000 	/usr/lib/system/libcommonCrypto.dylib
0x00000000043ec000 	/usr/lib/system/libcompiler_rt.dylib
0x00000000043ec000 	/usr/lib/system/libcopyfile.dylib
0x00000000043ec000 	/usr/lib/system/libcorecrypto.dylib
0x00000000043ec000 	/usr/lib/system/libdispatch.dylib
0x00000000043ec000 	/usr/lib/system/libdyld.dylib
0x00000000043ec000 	/usr/lib/system/libkeymgr.dylib
0x00000000043ec000 	/usr/lib/system/liblaunch.dylib
0x00000000043ec000 	/usr/lib/system/libmacho.dylib
0x00000000043ec000 	/usr/lib/system/libquarantine.dylib
0x00000000043ec000 	/usr/lib/system/libremovefile.dylib
0x00000000043ec000 	/usr/lib/system/libsystem_asl.dylib
0x00000000043ec000 	/usr/lib/system/libsystem_blocks.dylib
0x00000000043ec000 	/usr/lib/system/libsystem_c.dylib
0x00000000043ec000 	/usr/lib/system/libsystem_configuration.dylib
0x00000000043ec000 	/usr/lib/system/libsystem_coreservices.dylib
0x00000000043ec000 	/usr/lib/system/libsystem_coretls.dylib
0x00000000043ec000 	/usr/lib/system/libsystem_dnssd.dylib
0x00000000043ec000 	/usr/lib/system/libsystem_info.dylib
0x00000000043ec000 	/usr/lib/system/libsystem_kernel.dylib
0x00000000043ec000 	/usr/lib/system/libsystem_m.dylib
0x00000000043ec000 	/usr/lib/system/libsystem_malloc.dylib
0x00000000043ec000 	/usr/lib/system/libsystem_network.dylib
0x00000000043ec000 	/usr/lib/system/libsystem_networkextension.dylib
0x00000000043ec000 	/usr/lib/system/libsystem_notify.dylib
0x00000000043ec000 	/usr/lib/system/libsystem_platform.dylib
0x00000000043ec000 	/usr/lib/system/libsystem_pthread.dylib
0x00000000043ec000 	/usr/lib/system/libsystem_sandbox.dylib
0x00000000043ec000 	/usr/lib/system/libsystem_secinit.dylib
0x00000000043ec000 	/usr/lib/system/libsystem_trace.dylib
0x00000000043ec000 	/usr/lib/system/libunc.dylib
0x00000000043ec000 	/usr/lib/system/libunwind.dylib
0x00000000043ec000 	/usr/lib/system/libxpc.dylib
0x00000000043ec000 	/usr/lib/libenergytrace.dylib
0x00000000043ec000 	/usr/lib/libbsm.0.dylib
0x00000000043ec000 	/usr/lib/system/libkxld.dylib
0x00000000043ec000 	/usr/lib/libxar.1.dylib
0x00000000043ec000 	/usr/lib/libsqlite3.dylib
0x00000000043ec000 	/usr/lib/libpam.2.dylib
0x00000000043ec000 	/usr/lib/libOpenScriptingUtil.dylib
0x00000000043ec000 	/usr/lib/libbz2.1.0.dylib
0x00000000043ec000 	/usr/lib/liblzma.5.dylib
0x00000000043ec000 	/System/Library/Frameworks/CoreServices.framework/Versions/A/Frameworks/FSEvents.framework/Versions/A/FSEvents
0x00000000043ec000 	/System/Library/Frameworks/CoreServices.framework/Versions/A/Frameworks/CarbonCore.framework/Versions/A/CarbonCore
0x00000000043ec000 	/System/Library/Frameworks/CoreServices.framework/Versions/A/Frameworks/Metadata.framework/Versions/A/Metadata
0x00000000043ec000 	/System/Library/Frameworks/CoreServices.framework/Versions/A/Frameworks/OSServices.framework/Versions/A/OSServices
0x00000000043ec000 	/System/Library/Frameworks/CoreServices.framework/Versions/A/Frameworks/SearchKit.framework/Versions/A/SearchKit
0x00000000043ec000 	/System/Library/Frameworks/CoreServices.framework/Versions/A/Frameworks/AE.framework/Versions/A/AE
0x00000000043ec000 	/System/Library/Frameworks/CoreServices.framework/Versions/A/Frameworks/LaunchServices.framework/Versions/A/LaunchServices
0x00000000043ec000 	/System/Library/Frameworks/CoreServices.framework/Versions/A/Frameworks/DictionaryServices.framework/Versions/A/DictionaryServices
0x00000000043ec000 	/System/Library/Frameworks/CoreServices.framework/Versions/A/Frameworks/SharedFileList.framework/Versions/A/SharedFileList
0x00000000043ec000 	/System/Library/Frameworks/NetFS.framework/Versions/A/NetFS
0x00000000043ec000 	/System/Library/PrivateFrameworks/NetAuth.framework/Versions/A/NetAuth
0x00000000043ec000 	/System/Library/PrivateFrameworks/login.framework/Versions/A/Frameworks/loginsupport.framework/Versions/A/loginsupport
0x00000000043ec000 	/System/Library/PrivateFrameworks/TCC.framework/Versions/A/TCC
0x00000000043ec000 	/usr/lib/libmecabra.dylib
0x00000000043ec000 	/System/Library/Frameworks/ApplicationServices.framework/Versions/A/Frameworks/ATS.framework/Versions/A/ATS
0x00000000043ec000 	/System/Library/Frameworks/ApplicationServices.framework/Versions/A/Frameworks/ColorSync.framework/Versions/A/ColorSync
0x00000000043ec000 	/System/Library/Frameworks/ApplicationServices.framework/Versions/A/Frameworks/HIServices.framework/Versions/A/HIServices
0x00000000043ec000 	/System/Library/Frameworks/ApplicationServices.framework/Versions/A/Frameworks/LangAnalysis.framework/Versions/A/LangAnalysis
0x00000000043ec000 	/System/Library/Frameworks/ApplicationServices.framework/Versions/A/Frameworks/PrintCore.framework/Versions/A/PrintCore
0x00000000043ec000 	/System/Library/Frameworks/ApplicationServices.framework/Versions/A/Frameworks/QD.framework/Versions/A/QD
0x00000000043ec000 	/System/Library/Frameworks/ApplicationServices.framework/Versions/A/Frameworks/SpeechSynthesis.framework/Versions/A/SpeechSynthesis
0x00000000043ec000 	/System/Library/Frameworks/Metal.framework/Versions/A/Metal
0x00000000043ec000 	/System/Library/Frameworks/Accelerate.framework/Versions/A/Frameworks/vImage.framework/Versions/A/vImage
0x00000000043ec000 	/System/Library/Frameworks/Accelerate.framework/Versions/A/Frameworks/vecLib.framework/Versions/A/vecLib
0x00000000043ec000 	/System/Library/Frameworks/Accelerate.framework/Versions/A/Frameworks/vecLib.framework/Versions/A/libvDSP.dylib
0x00000000043ec000 	/System/Library/Frameworks/Accelerate.framework/Versions/A/Frameworks/vecLib.framework/Versions/A/libvMisc.dylib
0x00000000043ec000 	/System/Library/Frameworks/Accelerate.framework/Versions/A/Frameworks/vecLib.framework/Versions/A/libLAPACK.dylib
0x00000000043ec000 	/System/Library/Frameworks/Accelerate.framework/Versions/A/Frameworks/vecLib.framework/Versions/A/libBLAS.dylib
0x00000000043ec000 	/System/Library/Frameworks/Accelerate.framework/Versions/A/Frameworks/vecLib.framework/Versions/A/libLinearAlgebra.dylib
0x00000000043ec000 	/System/Library/Frameworks/Accelerate.framework/Versions/A/Frameworks/vecLib.framework/Versions/A/libSparseBLAS.dylib
0x00000000043ec000 	/System/Library/PrivateFrameworks/GPUCompiler.framework/libmetal_timestamp.dylib
0x00000000043ec000 	/System/Library/Frameworks/OpenGL.framework/Versions/A/Libraries/libCoreFSCache.dylib
0x00000000043ec000 	/System/Library/PrivateFrameworks/IOAccelerator.framework/Versions/A/IOAccelerator
0x00000000043ec000 	/System/Library/Frameworks/ApplicationServices.framework/Versions/A/Frameworks/ATS.framework/Versions/A/Resources/libFontParser.dylib
0x00000000043ec000 	/System/Library/Frameworks/ApplicationServices.framework/Versions/A/Frameworks/ATS.framework/Versions/A/Resources/libFontRegistry.dylib
0x00000000043ec000 	/System/Library/PrivateFrameworks/AppleVPA.framework/Versions/A/AppleVPA
0x00000000043ec000 	/System/Library/PrivateFrameworks/AppleJPEG.framework/Versions/A/AppleJPEG
0x00000000043ec000 	/System/Library/Frameworks/ImageIO.framework/Versions/A/Resources/libJPEG.dylib
0x00000000043ec000 	/System/Library/Frameworks/ImageIO.framework/Versions/A/Resources/libTIFF.dylib
0x00000000043ec000 	/System/Library/Frameworks/ImageIO.framework/Versions/A/Resources/libPng.dylib
0x00000000043ec000 	/System/Library/Frameworks/ImageIO.framework/Versions/A/Resources/libGIF.dylib
0x00000000043ec000 	/System/Library/Frameworks/ImageIO.framework/Versions/A/Resources/libJP2.dylib
0x00000000043ec000 	/System/Library/Frameworks/ImageIO.framework/Versions/A/Resources/libRadiance.dylib
0x00000000043ec000 	/System/Library/Frameworks/CoreVideo.framework/Versions/A/CoreVideo
0x00000000043ec000 	/System/Library/Frameworks/OpenGL.framework/Versions/A/Libraries/libGLU.dylib
0x00000000043ec000 	/System/Library/Frameworks/OpenGL.framework/Versions/A/Libraries/libGFXShared.dylib
0x00000000043ec000 	/System/Library/Frameworks/OpenGL.framework/Versions/A/Libraries/libGL.dylib
0x00000000043ec000 	/System/Library/Frameworks/OpenGL.framework/Versions/A/Libraries/libGLImage.dylib
0x00000000043ec000 	/System/Library/Frameworks/OpenGL.framework/Versions/A/Libraries/libCVMSPluginSupport.dylib
0x00000000043ec000 	/System/Library/Frameworks/OpenGL.framework/Versions/A/Libraries/libCoreVMClient.dylib
0x00000000043ec000 	/usr/lib/libcompression.dylib
0x00000000043ec000 	/usr/lib/libcups.2.dylib
0x00000000043ec000 	/System/Library/Frameworks/Kerberos.framework/Versions/A/Kerberos
0x00000000043ec000 	/System/Library/Frameworks/GSS.framework/Versions/A/GSS
0x00000000043ec000 	/usr/lib/libresolv.9.dylib
0x00000000043ec000 	/usr/lib/libiconv.2.dylib
0x00000000043ec000 	/System/Library/PrivateFrameworks/Heimdal.framework/Versions/A/Heimdal
0x00000000043ec000 	/usr/lib/libheimdal-asn1.dylib
0x00000000043ec000 	/System/Library/Frameworks/OpenDirectory.framework/Versions/A/OpenDirectory
0x00000000043ec000 	/System/Library/PrivateFrameworks/CommonAuth.framework/Versions/A/CommonAuth
0x00000000043ec000 	/System/Library/Frameworks/OpenDirectory.framework/Versions/A/Frameworks/CFOpenDirectory.framework/Versions/A/CFOpenDirectory
0x00000000043ec000 	/System/Library/Frameworks/SecurityFoundation.framework/Versions/A/SecurityFoundation
0x00000000043ec000 	/System/Library/PrivateFrameworks/LanguageModeling.framework/Versions/A/LanguageModeling
0x00000000043ec000 	/usr/lib/libmarisa.dylib
0x00000000043ec000 	/usr/lib/libChineseTokenizer.dylib
0x00000000043ec000 	/usr/lib/libcmph.dylib
0x00000000043ec000 	/System/Library/Frameworks/ServiceManagement.framework/Versions/A/ServiceManagement
0x00000000043ec000 	/usr/lib/libxslt.1.dylib
0x00000000043ec000 	/System/Library/Frameworks/Carbon.framework/Versions/A/Frameworks/Ink.framework/Versions/A/Ink
0x00000000043ec000 	/usr/lib/libFosl_dynamic.dylib
0x00000000043ec000 	/System/Library/PrivateFrameworks/FaceCore.framework/Versions/A/FaceCore
0x00000000043ec000 	/System/Library/Frameworks/OpenCL.framework/Versions/A/OpenCL
0x00000000043ec000 	/System/Library/PrivateFrameworks/CrashReporterSupport.framework/Versions/A/CrashReporterSupport
0x00000000043ec000 	/System/Library/PrivateFrameworks/IconServices.framework/Versions/A/IconServices
0x00000000043ec000 	/System/Library/PrivateFrameworks/Apple80211.framework/Versions/A/Apple80211
0x00000000043ec000 	/System/Library/Frameworks/CoreWLAN.framework/Versions/A/CoreWLAN
0x00000000043ec000 	/System/Library/Frameworks/IOBluetooth.framework/Versions/A/IOBluetooth
0x00000000043ec000 	/System/Library/PrivateFrameworks/CoreWiFi.framework/Versions/A/CoreWiFi
0x00000000043ec000 	/System/Library/Frameworks/CoreBluetooth.framework/Versions/A/CoreBluetooth
0x00000000043ec000 	/System/Library/PrivateFrameworks/ChunkingLibrary.framework/Versions/A/ChunkingLibrary
0x00000000043ec000 	/System/Library/PrivateFrameworks/DebugSymbols.framework/Versions/A/DebugSymbols
0x00000000043ec000 	/System/Library/PrivateFrameworks/CoreSymbolication.framework/Versions/A/CoreSymbolication
0x00000000043ec000 	/System/Library/PrivateFrameworks/Symbolication.framework/Versions/A/Symbolication
0x00000000043ec000 	/System/Library/PrivateFrameworks/SpeechRecognitionCore.framework/Versions/A/SpeechRecognitionCore
0x0000000101ea3000 	/Library/Java/JavaVirtualMachines/jdk1.8.0_101.jdk/Contents/Home/jre/lib/server/libjvm.dylib
0x00000000043ec000 	/usr/lib/libstdc++.6.dylib
0x0000000102e44000 	/Library/Java/JavaVirtualMachines/jdk1.8.0_101.jdk/Contents/Home/jre/lib/libverify.dylib
0x0000000102e52000 	/Library/Java/JavaVirtualMachines/jdk1.8.0_101.jdk/Contents/Home/jre/lib/libjava.dylib
0x0000000102e88000 	/Library/Java/JavaVirtualMachines/jdk1.8.0_101.jdk/Contents/Home/jre/lib/libjdwp.dylib
0x0000000102ed3000 	/Library/Java/JavaVirtualMachines/jdk1.8.0_101.jdk/Contents/Home/jre/lib/libnpt.dylib
0x0000000102ee0000 	/Library/Java/JavaVirtualMachines/jdk1.8.0_101.jdk/Contents/Home/jre/lib/libzip.dylib
0x000000011efa3000 	/System/Library/Frameworks/JavaVM.framework/Frameworks/JavaRuntimeSupport.framework/JavaRuntimeSupport
0x000000011efbe000 	/System/Library/Frameworks/JavaVM.framework/Versions/A/Frameworks/JavaNativeFoundation.framework/Versions/A/JavaNativeFoundation
0x000000011efd3000 	/System/Library/Frameworks/JavaVM.framework/Versions/A/JavaVM
0x00000000043ec000 	/System/Library/Frameworks/Carbon.framework/Versions/A/Carbon
0x000000011efe0000 	/System/Library/PrivateFrameworks/JavaLaunching.framework/Versions/A/JavaLaunching
0x00000000043ec000 	/System/Library/Frameworks/Carbon.framework/Versions/A/Frameworks/CommonPanels.framework/Versions/A/CommonPanels
0x00000000043ec000 	/System/Library/Frameworks/Carbon.framework/Versions/A/Frameworks/Help.framework/Versions/A/Help
0x00000000043ec000 	/System/Library/Frameworks/Carbon.framework/Versions/A/Frameworks/ImageCapture.framework/Versions/A/ImageCapture
0x00000000043ec000 	/System/Library/Frameworks/Carbon.framework/Versions/A/Frameworks/OpenScripting.framework/Versions/A/OpenScripting
0x00000000043ec000 	/System/Library/Frameworks/Carbon.framework/Versions/A/Frameworks/Print.framework/Versions/A/Print
0x00000000043ec000 	/System/Library/Frameworks/Carbon.framework/Versions/A/Frameworks/SecurityHI.framework/Versions/A/SecurityHI
0x0000000120901000 	/Library/Java/JavaVirtualMachines/jdk1.8.0_101.jdk/Contents/Home/jre/lib/libdt_socket.dylib

VM Arguments:
jvm_args: -agentlib:jdwp=transport=dt_socket,address=127.0.0.1:65154,suspend=y,server=n -Dfile.encoding=UTF-8 
java_command: CoveringSegments
java_class_path (initial): /Library/Java/JavaVirtualMachines/jdk1.8.0_101.jdk/Contents/Home/jre/lib/charsets.jar:/Library/Java/JavaVirtualMachines/jdk1.8.0_101.jdk/Contents/Home/jre/lib/deploy.jar:/Library/Java/JavaVirtualMachines/jdk1.8.0_101.jdk/Contents/Home/jre/lib/ext/cldrdata.jar:/Library/Java/JavaVirtualMachines/jdk1.8.0_101.jdk/Contents/Home/jre/lib/ext/dnsns.jar:/Library/Java/JavaVirtualMachines/jdk1.8.0_101.jdk/Contents/Home/jre/lib/ext/jaccess.jar:/Library/Java/JavaVirtualMachines/jdk1.8.0_101.jdk/Contents/Home/jre/lib/ext/jfxrt.jar:/Library/Java/JavaVirtualMachines/jdk1.8.0_101.jdk/Contents/Home/jre/lib/ext/localedata.jar:/Library/Java/JavaVirtualMachines/jdk1.8.0_101.jdk/Contents/Home/jre/lib/ext/nashorn.jar:/Library/Java/JavaVirtualMachines/jdk1.8.0_101.jdk/Contents/Home/jre/lib/ext/sunec.jar:/Library/Java/JavaVirtualMachines/jdk1.8.0_101.jdk/Contents/Home/jre/lib/ext/sunjce_provider.jar:/Library/Java/JavaVirtualMachines/jdk1.8.0_101.jdk/Contents/Home/jre/lib/ext/sunpkcs11.jar:/Library/Java/JavaVirtualMachines/jdk1.8.0_101.jdk/Contents/Home/jre/lib/ext/zipfs.jar:/Library/Java/JavaVirtualMachines/jdk1.8.0_101.jdk/Contents/Home/jre/lib/javaws.jar:/Library/Java/JavaVirtualMachines/jdk1.8.0_101.jdk/Contents/Home/jre/lib/jce.jar:/Library/Java/JavaVirtualMachines/jdk1.8.0_101.jdk/Contents/Home/jre/lib/jfr.jar:/Library/Java/JavaVirtualMachines/jdk1.8.0_101.jdk/Contents/Home/jre/lib/jfxswt.jar:/Library/Java/JavaVirtualMachines/jdk1.8.0_101.jdk/Contents/Home/jre/lib/jsse.jar:/Library/Java/JavaVirtualMachines/jdk1.8.0_101.jdk/Contents/Home/jre/lib/management-agent.jar:/Library/Java/JavaVirtualMachines/jdk1.8.0_101.jdk/Contents/Home/jre/lib/plugin.jar:/Library/Java/JavaVirtualMachines/jdk1.8.0_101.jdk/Contents/Home/jre/lib/resources.jar:/Library/Java/JavaVirtualMachines/jdk1.8.0_101.jdk/Contents/Home/jre/lib/rt.jar:/Library/Java/JavaVirtualMachines/jdk1.8.0_101.jdk/Contents/Home/lib/ant-javafx.jar:/Library/Java/JavaVirtualMachines/jdk1.8.0_101.jdk/Contents/Home
Launcher Type: SUN_STANDARD

Environment Variables:
PATH=/Library/Frameworks/Python.framework/Versions/2.7/bin:/usr/local/bin:/usr/bin:/bin:/usr/sbin:/sbin
SHELL=/bin/bash

Signal Handlers:
SIGSEGV: [libjvm.dylib+0x5af145], sa_mask[0]=11111111011111110111111111111111, sa_flags=SA_ONSTACK|SA_RESTART|SA_SIGINFO
SIGBUS: [libjvm.dylib+0x5af145], sa_mask[0]=11111111011111110111111111111111, sa_flags=SA_RESTART|SA_SIGINFO
SIGFPE: [libjvm.dylib+0x48694c], sa_mask[0]=11111111011111110111111111111111, sa_flags=SA_RESTART|SA_SIGINFO
SIGPIPE: [libjvm.dylib+0x48694c], sa_mask[0]=11111111011111110111111111111111, sa_flags=SA_RESTART|SA_SIGINFO
SIGXFSZ: [libjvm.dylib+0x48694c], sa_mask[0]=11111111011111110111111111111111, sa_flags=SA_RESTART|SA_SIGINFO
SIGILL: [libjvm.dylib+0x48694c], sa_mask[0]=11111111011111110111111111111111, sa_flags=SA_RESTART|SA_SIGINFO
SIGUSR1: SIG_DFL, sa_mask[0]=00000000000000000000000000000000, sa_flags=none
SIGUSR2: [libjvm.dylib+0x48646a], sa_mask[0]=00100000000000000000000000000000, sa_flags=SA_RESTART|SA_SIGINFO
SIGHUP: [libjvm.dylib+0x484a41], sa_mask[0]=11111111011111110111111111111111, sa_flags=SA_RESTART|SA_SIGINFO
SIGINT: [libjvm.dylib+0x484a41], sa_mask[0]=11111111011111110111111111111111, sa_flags=SA_RESTART|SA_SIGINFO
SIGTERM: [libjvm.dylib+0x484a41], sa_mask[0]=11111111011111110111111111111111, sa_flags=SA_RESTART|SA_SIGINFO
SIGQUIT: [libjvm.dylib+0x484a41], sa_mask[0]=11111111011111110111111111111111, sa_flags=SA_RESTART|SA_SIGINFO


---------------  S Y S T E M  ---------------

OS:Bsduname:Darwin 15.6.0 Darwin Kernel Version 15.6.0: Mon Aug 29 20:21:34 PDT 2016; root:xnu-3248.60.11~1/RELEASE_X86_64 x86_64
rlimit: STACK 8192k, CORE 0k, NPROC 709, NOFILE 10240, AS infinity
load average:2.34 2.45 2.63

CPU:total 8 (4 cores per cpu, 2 threads per core) family 6 model 70 stepping 1, cmov, cx8, fxsr, mmx, sse, sse2, sse3, ssse3, sse4.1, sse4.2, popcnt, avx, avx2, aes, clmul, erms, rtm, lzcnt, ht, tsc, tscinvbit, bmi1, bmi2

Memory: 4k page, physical 16777216k(267328k free)

/proc/meminfo:


vm_info: Java HotSpot(TM) 64-Bit Server VM (25.101-b13) for bsd-amd64 JRE (1.8.0_101-b13), built on Jun 22 2016 02:42:15 by "java_re" with gcc 4.2.1 (Based on Apple Inc. build 5658) (LLVM build 2336.11.00)

time: Fri Apr 14 17:00:59 2017
elapsed time: 1216 seconds (0d 0h 20m 16s)

